<?xml version="1.0" encoding="UTF-8"?>
<!-- Generated by org.testng.reporters.JUnitReportReporter -->
<testsuite hostname="Namitas-MacBook-Pro.local" failures="0" tests="1" name="TestNGImplemenattion.CreateAndDuplicateLeadTest" time="33.572" errors="0" timestamp="2023-01-11T12:22:33 GMT" skipped="0">
  <testcase classname="TestNGImplemenattion.CreateAndDuplicateLeadTest" name="createDuplicateLeadTest" time="33.572"/>
  <system-out/>
</testsuite> <!-- TestNGImplemenattion.CreateAndDuplicateLeadTest -->
