<?xml version="1.0" encoding="UTF-8"?>
<!-- Generated by org.testng.reporters.JUnitReportReporter -->
<testsuite hostname="Namitas-MacBook-Pro.local" failures="0" tests="1" name="TestNGImplemenattion.CreateContactWithExistingOrganization" time="22.764" errors="0" timestamp="2023-01-03T16:58:24 GMT" skipped="0">
  <testcase classname="TestNGImplemenattion.CreateContactWithExistingOrganization" name="createContactTest" time="22.764"/>
  <system-out/>
</testsuite> <!-- TestNGImplemenattion.CreateContactWithExistingOrganization -->
